<?xml version="1.0" encoding="UTF-8"?>
<!-- Generated by org.testng.reporters.JUnitXMLReporter -->
<testsuite ignored="0" hostname="DESKTOP-IKVCLHS" failures="0" tests="5" name="Test" time="10.715" errors="0" timestamp="2023-06-27T19:45:04 IST">
  <testcase classname="Test_Casses.Post_TC2_Retry" name="extractor" time="7.235"/>
  <testcase classname="Test_Casses.Get_TC1" name="extractor" time="0.772"/>
  <testcase classname="Test_Casses.Put_TC1" name="extractor" time="0.75"/>
  <testcase classname="Test_Casses.Patch_TC1" name="extractor" time="0.786"/>
  <testcase classname="Test_Casses.Post_TC1" name="extractor" time="0.896"/>
</testsuite> <!-- Test -->
